# JRE version: OpenJDK Runtime Environment (8.0_152-b01) (build 1.8.0_152-release-1343-b01)
# Java VM: OpenJDK 64-Bit Server VM (25.152-b01 mixed mode windows-amd64 compressed oops)
Heap:
 PSYoungGen      total 125952K, used 85623K [0x00000000e0000000, 0x00000000e8b80000, 0x0000000100000000)
  eden space 116224K, 66% used [0x00000000e0000000,0x00000000e4b5be80,0x00000000e7180000)
  from space 9728K, 86% used [0x00000000e8200000,0x00000000e8a42088,0x00000000e8b80000)
  to   space 13312K, 0% used [0x00000000e7180000,0x00000000e7180000,0x00000000e7e80000)
 ParOldGen       total 58880K, used 33729K [0x00000000a0000000, 0x00000000a3980000, 0x00000000e0000000)
  object space 58880K, 57% used [0x00000000a0000000,0x00000000a20f0750,0x00000000a3980000)
 Metaspace       used 64447K, capacity 66868K, committed 67160K, reserved 1107968K
  class space    used 8734K, capacity 9250K, committed 9344K, reserved 1048576K
GC Heap History (10 events):
Event: 11.249 GC heap before
{Heap before GC invocations=17 (full 2):
 PSYoungGen      total 96768K, used 88576K [0x00000000e0000000, 0x00000000e6680000, 0x0000000100000000)
  eden space 88576K, 100% used [0x00000000e0000000,0x00000000e5680000,0x00000000e5680000)
  from space 8192K, 0% used [0x00000000e5e80000,0x00000000e5e80000,0x00000000e6680000)
  to   space 8192K, 0% used [0x00000000e5680000,0x00000000e5680000,0x00000000e5e80000)
 ParOldGen       total 58880K, used 17011K [0x00000000a0000000, 0x00000000a3980000, 0x00000000e0000000)
  object space 58880K, 28% used [0x00000000a0000000,0x00000000a109cfd0,0x00000000a3980000)
 Metaspace       used 44247K, capacity 45244K, committed 45696K, reserved 1089536K
  class space    used 5935K, capacity 6191K, committed 6272K, reserved 1048576K
Event: 11.262 GC heap after
Heap after GC invocations=17 (full 2):
 PSYoungGen      total 96768K, used 8165K [0x00000000e0000000, 0x00000000e7c80000, 0x0000000100000000)
  eden space 88576K, 0% used [0x00000000e0000000,0x00000000e0000000,0x00000000e5680000)
  from space 8192K, 99% used [0x00000000e5680000,0x00000000e5e79400,0x00000000e5e80000)
  to   space 10752K, 0% used [0x00000000e7200000,0x00000000e7200000,0x00000000e7c80000)
 ParOldGen       total 58880K, used 21029K [0x00000000a0000000, 0x00000000a3980000, 0x00000000e0000000)
  object space 58880K, 35% used [0x00000000a0000000,0x00000000a1489530,0x00000000a3980000)
 Metaspace       used 44247K, capacity 45244K, committed 45696K, reserved 1089536K
  class space    used 5935K, capacity 6191K, committed 6272K, reserved 1048576K
}
Event: 12.944 GC heap before
{Heap before GC invocations=18 (full 2):
 PSYoungGen      total 96768K, used 96741K [0x00000000e0000000, 0x00000000e7c80000, 0x0000000100000000)
  eden space 88576K, 100% used [0x00000000e0000000,0x00000000e5680000,0x00000000e5680000)
  from space 8192K, 99% used [0x00000000e5680000,0x00000000e5e79400,0x00000000e5e80000)
  to   space 10752K, 0% used [0x00000000e7200000,0x00000000e7200000,0x00000000e7c80000)
 ParOldGen       total 58880K, used 21029K [0x00000000a0000000, 0x00000000a3980000, 0x00000000e0000000)
  object space 58880K, 35% used [0x00000000a0000000,0x00000000a1489530,0x00000000a3980000)
 Metaspace       used 50582K, capacity 51746K, committed 51968K, reserved 1093632K
  class space    used 6788K, capacity 7085K, committed 7168K, reserved 1048576K
Event: 12.963 GC heap after
Heap after GC invocations=18 (full 2):
 PSYoungGen      total 116224K, used 7424K [0x00000000e0000000, 0x00000000e7d00000, 0x0000000100000000)
  eden space 105472K, 0% used [0x00000000e0000000,0x00000000e0000000,0x00000000e6700000)
  from space 10752K, 69% used [0x00000000e7200000,0x00000000e7940210,0x00000000e7c80000)
  to   space 11264K, 0% used [0x00000000e6700000,0x00000000e6700000,0x00000000e7200000)
 ParOldGen       total 58880K, used 26413K [0x00000000a0000000, 0x00000000a3980000, 0x00000000e0000000)
  object space 58880K, 44% used [0x00000000a0000000,0x00000000a19cb578,0x00000000a3980000)
 Metaspace       used 50582K, capacity 51746K, committed 51968K, reserved 1093632K
  class space    used 6788K, capacity 7085K, committed 7168K, reserved 1048576K
}
Event: 14.428 GC heap before
{Heap before GC invocations=19 (full 2):
 PSYoungGen      total 116224K, used 86983K [0x00000000e0000000, 0x00000000e7d00000, 0x0000000100000000)
  eden space 105472K, 75% used [0x00000000e0000000,0x00000000e4db1da0,0x00000000e6700000)
  from space 10752K, 69% used [0x00000000e7200000,0x00000000e7940210,0x00000000e7c80000)
  to   space 11264K, 0% used [0x00000000e6700000,0x00000000e6700000,0x00000000e7200000)
 ParOldGen       total 58880K, used 26413K [0x00000000a0000000, 0x00000000a3980000, 0x00000000e0000000)
  object space 58880K, 44% used [0x00000000a0000000,0x00000000a19cb578,0x00000000a3980000)
 Metaspace       used 57384K, capacity 59018K, committed 59096K, reserved 1099776K
  class space    used 7754K, capacity 8129K, committed 8192K, reserved 1048576K
Event: 14.457 GC heap after
Heap after GC invocations=19 (full 2):
 PSYoungGen      total 116736K, used 11232K [0x00000000e0000000, 0x00000000e8f00000, 0x0000000100000000)
  eden space 105472K, 0% used [0x00000000e0000000,0x00000000e0000000,0x00000000e6700000)
  from space 11264K, 99% used [0x00000000e6700000,0x00000000e71f80c0,0x00000000e7200000)
  to   space 13312K, 0% used [0x00000000e8200000,0x00000000e8200000,0x00000000e8f00000)
 ParOldGen       total 58880K, used 27914K [0x00000000a0000000, 0x00000000a3980000, 0x00000000e0000000)
  object space 58880K, 47% used [0x00000000a0000000,0x00000000a1b42900,0x00000000a3980000)
 Metaspace       used 57384K, capacity 59018K, committed 59096K, reserved 1099776K
  class space    used 7754K, capacity 8129K, committed 8192K, reserved 1048576K
}
Event: 14.457 GC heap before
{Heap before GC invocations=20 (full 3):
 PSYoungGen      total 116736K, used 11232K [0x00000000e0000000, 0x00000000e8f00000, 0x0000000100000000)
  eden space 105472K, 0% used [0x00000000e0000000,0x00000000e0000000,0x00000000e6700000)
  from space 11264K, 99% used [0x00000000e6700000,0x00000000e71f80c0,0x00000000e7200000)
  to   space 13312K, 0% used [0x00000000e8200000,0x00000000e8200000,0x00000000e8f00000)
 ParOldGen       total 58880K, used 27914K [0x00000000a0000000, 0x00000000a3980000, 0x00000000e0000000)
  object space 58880K, 47% used [0x00000000a0000000,0x00000000a1b42900,0x00000000a3980000)
 Metaspace       used 57384K, capacity 59018K, committed 59096K, reserved 1099776K
  class space    used 7754K, capacity 8129K, committed 8192K, reserved 1048576K
Event: 14.755 GC heap after
Heap after GC invocations=20 (full 3):
 PSYoungGen      total 116736K, used 0K [0x00000000e0000000, 0x00000000e8f00000, 0x0000000100000000)
  eden space 105472K, 0% used [0x00000000e0000000,0x00000000e0000000,0x00000000e6700000)
  from space 11264K, 0% used [0x00000000e6700000,0x00000000e6700000,0x00000000e7200000)
  to   space 13312K, 0% used [0x00000000e8200000,0x00000000e8200000,0x00000000e8f00000)
 ParOldGen       total 58880K, used 33721K [0x00000000a0000000, 0x00000000a3980000, 0x00000000e0000000)
  object space 58880K, 57% used [0x00000000a0000000,0x00000000a20ee750,0x00000000a3980000)
 Metaspace       used 57384K, capacity 59018K, committed 59096K, reserved 1099776K
  class space    used 7754K, capacity 8129K, committed 8192K, reserved 1048576K
}
Event: 18.092 GC heap before
{Heap before GC invocations=21 (full 3):
 PSYoungGen      total 116736K, used 105472K [0x00000000e0000000, 0x00000000e8f00000, 0x0000000100000000)
  eden space 105472K, 100% used [0x00000000e0000000,0x00000000e6700000,0x00000000e6700000)
  from space 11264K, 0% used [0x00000000e6700000,0x00000000e6700000,0x00000000e7200000)
  to   space 13312K, 0% used [0x00000000e8200000,0x00000000e8200000,0x00000000e8f00000)
 ParOldGen       total 58880K, used 33721K [0x00000000a0000000, 0x00000000a3980000, 0x00000000e0000000)
  object space 58880K, 57% used [0x00000000a0000000,0x00000000a20ee750,0x00000000a3980000)
 Metaspace       used 61861K, capacity 63988K, committed 64216K, reserved 1103872K
  class space    used 8444K, capacity 8908K, committed 8960K, reserved 1048576K
Event: 18.119 GC heap after
Heap after GC invocations=21 (full 3):
 PSYoungGen      total 125952K, used 8456K [0x00000000e0000000, 0x00000000e8b80000, 0x0000000100000000)
  eden space 116224K, 0% used [0x00000000e0000000,0x00000000e0000000,0x00000000e7180000)
  from space 9728K, 86% used [0x00000000e8200000,0x00000000e8a42088,0x00000000e8b80000)
  to   space 13312K, 0% used [0x00000000e7180000,0x00000000e7180000,0x00000000e7e80000)
 ParOldGen       total 58880K, used 33729K [0x00000000a0000000, 0x00000000a3980000, 0x00000000e0000000)
  object space 58880K, 57% used [0x00000000a0000000,0x00000000a20f0750,0x00000000a3980000)
 Metaspace       used 61861K, capacity 63988K, committed 64216K, reserved 1103872K
  class space    used 8444K, capacity 8908K, committed 8960K, reserved 1048576K
}

