# JRE version: OpenJDK Runtime Environment (8.0_152-b01) (build 1.8.0_152-release-1343-b01)
# Java VM: OpenJDK 64-Bit Server VM (25.152-b01 mixed mode windows-amd64 compressed oops)
Heap:
 PSYoungGen      total 199168K, used 22271K [0x00000000e0000000, 0x00000000ed280000, 0x0000000100000000)
  eden space 185856K, 11% used [0x00000000e0000000,0x00000000e15bfd60,0x00000000eb580000)
  from space 13312K, 0% used [0x00000000ec580000,0x00000000ec580000,0x00000000ed280000)
  to   space 14848K, 0% used [0x00000000eb580000,0x00000000eb580000,0x00000000ec400000)
 ParOldGen       total 92672K, used 31107K [0x00000000a0000000, 0x00000000a5a80000, 0x00000000e0000000)
  object space 92672K, 33% used [0x00000000a0000000,0x00000000a1e60d20,0x00000000a5a80000)
 Metaspace       used 58637K, capacity 60068K, committed 60376K, reserved 1101824K
  class space    used 7762K, capacity 8082K, committed 8192K, reserved 1048576K
GC Heap History (10 events):
Event: 16.214 GC heap before
{Heap before GC invocations=9 (full 1):
 PSYoungGen      total 136704K, used 68084K [0x00000000e0000000, 0x00000000ed280000, 0x0000000100000000)
  eden space 126976K, 45% used [0x00000000e0000000,0x00000000e38fe140,0x00000000e7c00000)
  from space 9728K, 99% used [0x00000000e7c00000,0x00000000e857f188,0x00000000e8580000)
  to   space 13312K, 0% used [0x00000000ec580000,0x00000000ec580000,0x00000000ed280000)
 ParOldGen       total 47104K, used 19809K [0x00000000a0000000, 0x00000000a2e00000, 0x00000000e0000000)
  object space 47104K, 42% used [0x00000000a0000000,0x00000000a13584a8,0x00000000a2e00000)
 Metaspace       used 34645K, capacity 35408K, committed 35456K, reserved 1079296K
  class space    used 4782K, capacity 4974K, committed 4992K, reserved 1048576K
Event: 16.225 GC heap after
Heap after GC invocations=9 (full 1):
 PSYoungGen      total 199168K, used 11685K [0x00000000e0000000, 0x00000000ed280000, 0x0000000100000000)
  eden space 185856K, 0% used [0x00000000e0000000,0x00000000e0000000,0x00000000eb580000)
  from space 13312K, 87% used [0x00000000ec580000,0x00000000ed0e9508,0x00000000ed280000)
  to   space 14848K, 0% used [0x00000000eb580000,0x00000000eb580000,0x00000000ec400000)
 ParOldGen       total 47104K, used 19817K [0x00000000a0000000, 0x00000000a2e00000, 0x00000000e0000000)
  object space 47104K, 42% used [0x00000000a0000000,0x00000000a135a4a8,0x00000000a2e00000)
 Metaspace       used 34645K, capacity 35408K, committed 35456K, reserved 1079296K
  class space    used 4782K, capacity 4974K, committed 4992K, reserved 1048576K
}
Event: 16.225 GC heap before
{Heap before GC invocations=10 (full 2):
 PSYoungGen      total 199168K, used 11685K [0x00000000e0000000, 0x00000000ed280000, 0x0000000100000000)
  eden space 185856K, 0% used [0x00000000e0000000,0x00000000e0000000,0x00000000eb580000)
  from space 13312K, 87% used [0x00000000ec580000,0x00000000ed0e9508,0x00000000ed280000)
  to   space 14848K, 0% used [0x00000000eb580000,0x00000000eb580000,0x00000000ec400000)
 ParOldGen       total 47104K, used 19817K [0x00000000a0000000, 0x00000000a2e00000, 0x00000000e0000000)
  object space 47104K, 42% used [0x00000000a0000000,0x00000000a135a4a8,0x00000000a2e00000)
 Metaspace       used 34645K, capacity 35408K, committed 35456K, reserved 1079296K
  class space    used 4782K, capacity 4974K, committed 4992K, reserved 1048576K
Event: 16.318 GC heap after
Heap after GC invocations=10 (full 2):
 PSYoungGen      total 199168K, used 0K [0x00000000e0000000, 0x00000000ed280000, 0x0000000100000000)
  eden space 185856K, 0% used [0x00000000e0000000,0x00000000e0000000,0x00000000eb580000)
  from space 13312K, 0% used [0x00000000ec580000,0x00000000ec580000,0x00000000ed280000)
  to   space 14848K, 0% used [0x00000000eb580000,0x00000000eb580000,0x00000000ec400000)
 ParOldGen       total 62976K, used 18597K [0x00000000a0000000, 0x00000000a3d80000, 0x00000000e0000000)
  object space 62976K, 29% used [0x00000000a0000000,0x00000000a12294a0,0x00000000a3d80000)
 Metaspace       used 34638K, capacity 35384K, committed 35456K, reserved 1079296K
  class space    used 4780K, capacity 4970K, committed 4992K, reserved 1048576K
}
Event: 21.017 GC heap before
{Heap before GC invocations=11 (full 2):
 PSYoungGen      total 199168K, used 185856K [0x00000000e0000000, 0x00000000ed280000, 0x0000000100000000)
  eden space 185856K, 100% used [0x00000000e0000000,0x00000000eb580000,0x00000000eb580000)
  from space 13312K, 0% used [0x00000000ec580000,0x00000000ec580000,0x00000000ed280000)
  to   space 14848K, 0% used [0x00000000eb580000,0x00000000eb580000,0x00000000ec400000)
 ParOldGen       total 62976K, used 18597K [0x00000000a0000000, 0x00000000a3d80000, 0x00000000e0000000)
  object space 62976K, 29% used [0x00000000a0000000,0x00000000a12294a0,0x00000000a3d80000)
 Metaspace       used 53302K, capacity 54522K, committed 54784K, reserved 1097728K
  class space    used 7056K, capacity 7337K, committed 7424K, reserved 1048576K
Event: 21.048 GC heap after
Heap after GC invocations=11 (full 2):
 PSYoungGen      total 200704K, used 14817K [0x00000000e0000000, 0x00000000ed280000, 0x0000000100000000)
  eden space 185856K, 0% used [0x00000000e0000000,0x00000000e0000000,0x00000000eb580000)
  from space 14848K, 99% used [0x00000000eb580000,0x00000000ec3f8770,0x00000000ec400000)
  to   space 13312K, 0% used [0x00000000ec580000,0x00000000ec580000,0x00000000ed280000)
 ParOldGen       total 62976K, used 25946K [0x00000000a0000000, 0x00000000a3d80000, 0x00000000e0000000)
  object space 62976K, 41% used [0x00000000a0000000,0x00000000a1956ac0,0x00000000a3d80000)
 Metaspace       used 53302K, capacity 54522K, committed 54784K, reserved 1097728K
  class space    used 7056K, capacity 7337K, committed 7424K, reserved 1048576K
}
Event: 22.312 GC heap before
{Heap before GC invocations=12 (full 2):
 PSYoungGen      total 200704K, used 74593K [0x00000000e0000000, 0x00000000ed280000, 0x0000000100000000)
  eden space 185856K, 32% used [0x00000000e0000000,0x00000000e3a5fd28,0x00000000eb580000)
  from space 14848K, 99% used [0x00000000eb580000,0x00000000ec3f8770,0x00000000ec400000)
  to   space 13312K, 0% used [0x00000000ec580000,0x00000000ec580000,0x00000000ed280000)
 ParOldGen       total 62976K, used 25946K [0x00000000a0000000, 0x00000000a3d80000, 0x00000000e0000000)
  object space 62976K, 41% used [0x00000000a0000000,0x00000000a1956ac0,0x00000000a3d80000)
 Metaspace       used 57405K, capacity 58964K, committed 59096K, reserved 1099776K
  class space    used 7601K, capacity 7926K, committed 7936K, reserved 1048576K
Event: 22.332 GC heap after
Heap after GC invocations=12 (full 2):
 PSYoungGen      total 199168K, used 13309K [0x00000000e0000000, 0x00000000ed280000, 0x0000000100000000)
  eden space 185856K, 0% used [0x00000000e0000000,0x00000000e0000000,0x00000000eb580000)
  from space 13312K, 99% used [0x00000000ec580000,0x00000000ed27f500,0x00000000ed280000)
  to   space 14848K, 0% used [0x00000000eb580000,0x00000000eb580000,0x00000000ec400000)
 ParOldGen       total 62976K, used 28014K [0x00000000a0000000, 0x00000000a3d80000, 0x00000000e0000000)
  object space 62976K, 44% used [0x00000000a0000000,0x00000000a1b5bab0,0x00000000a3d80000)
 Metaspace       used 57405K, capacity 58964K, committed 59096K, reserved 1099776K
  class space    used 7601K, capacity 7926K, committed 7936K, reserved 1048576K
}
Event: 22.332 GC heap before
{Heap before GC invocations=13 (full 3):
 PSYoungGen      total 199168K, used 13309K [0x00000000e0000000, 0x00000000ed280000, 0x0000000100000000)
  eden space 185856K, 0% used [0x00000000e0000000,0x00000000e0000000,0x00000000eb580000)
  from space 13312K, 99% used [0x00000000ec580000,0x00000000ed27f500,0x00000000ed280000)
  to   space 14848K, 0% used [0x00000000eb580000,0x00000000eb580000,0x00000000ec400000)
 ParOldGen       total 62976K, used 28014K [0x00000000a0000000, 0x00000000a3d80000, 0x00000000e0000000)
  object space 62976K, 44% used [0x00000000a0000000,0x00000000a1b5bab0,0x00000000a3d80000)
 Metaspace       used 57405K, capacity 58964K, committed 59096K, reserved 1099776K
  class space    used 7601K, capacity 7926K, committed 7936K, reserved 1048576K
Event: 22.655 GC heap after
Heap after GC invocations=13 (full 3):
 PSYoungGen      total 199168K, used 0K [0x00000000e0000000, 0x00000000ed280000, 0x0000000100000000)
  eden space 185856K, 0% used [0x00000000e0000000,0x00000000e0000000,0x00000000eb580000)
  from space 13312K, 0% used [0x00000000ec580000,0x00000000ec580000,0x00000000ed280000)
  to   space 14848K, 0% used [0x00000000eb580000,0x00000000eb580000,0x00000000ec400000)
 ParOldGen       total 92672K, used 31107K [0x00000000a0000000, 0x00000000a5a80000, 0x00000000e0000000)
  object space 92672K, 33% used [0x00000000a0000000,0x00000000a1e60d20,0x00000000a5a80000)
 Metaspace       used 57376K, capacity 58876K, committed 59096K, reserved 1099776K
  class space    used 7593K, capacity 7918K, committed 7936K, reserved 1048576K
}

